<?xml version="1.0" encoding="UTF-8"?>
<!-- Generated by org.testng.reporters.JUnitXMLReporter -->
<testsuite hostname="MIFARDGOLLA-M2" failures="0" tests="16" name="Default test" time="40.969" errors="0" timestamp="19 Feb 2020 03:58:41 GMT">
  <testcase classname="TestNgexamples.testClass" name="TC1_Basic" time="1.184"/>
  <testcase classname="TestNgexamples.testClass" name="TC2_Green" time="2.252"/>
  <testcase classname="TestNgexamples.testClass" name="TC3_Frame" time="0.049"/>
  <testcase classname="TestNgexamples.testClass" name="TC4_Ftwo" time="14.77"/>
  <testcase classname="TestNgexamples.testClass" name="TC5_Comndpro" time="0.604"/>
  <testcase classname="TestNgexamples.testClass" name="TC6_dndd" time="1.067"/>
  <testcase classname="TestNgexamples.testClass" name="TC7_Popwin" time="0.158"/>
  <testcase classname="TestNgexamples.testClass" name="TC8_Childpop" time="1.786"/>
  <testcase classname="TestNgexamples.testClass" name="TC9_Proceed" time="1.116"/>
  <testcase classname="TestNgexamples.testClass" name="TC10_Cookie" time="0.697"/>
  <testcase classname="TestNgexamples.testClass" name="TC11_Advance" time="0.929"/>
  <testcase classname="TestNgexamples.testClass" name="TC12_MenuItem" time="0.932"/>
  <testcase classname="TestNgexamples.testClass" name="TC13_Sqldb" time="2.434"/>
  <testcase classname="TestNgexamples.testClass" name="TC14_Con1query" time="0.306"/>
  <testcase classname="TestNgexamples.testClass" name="TC15_Con2query" time="2.125"/>
  <testcase classname="TestNgexamples.testClass" name="TC16_Videocon" time="5.8"/>
</testsuite> <!-- Default test -->
