<?xml version="1.0" encoding="UTF-8"?>
<!-- Generated by org.testng.reporters.JUnitXMLReporter -->
<testsuite hostname="MIFARDGOLLA-M2" failures="0" tests="4" name="Sum" time="0.024" errors="0" timestamp="7 Nov 2019 03:37:15 GMT">
  <testcase classname="TestNgexamples.TestNgAdd" name="Add1" time="0.008"/>
  <testcase classname="TestNgexamples.TestNgAdd" name="Div" time="0.002"/>
  <testcase classname="TestNgexamples.TestNgAdd" name="Multi" time="0.001"/>
  <testcase classname="TestNgexamples.TestNgAdd" name="Sub" time="0.0"/>
</testsuite> <!-- Sum -->
