<?xml version="1.0" encoding="UTF-8"?>
<!-- Generated by org.testng.reporters.JUnitXMLReporter -->
<testsuite hostname="MIFARDGOLLA-M2" failures="0" tests="16" name="BasicAdvanecourse" time="48.622" errors="0" timestamp="27 Jan 2020 02:22:21 GMT">
  <testcase classname="TestNgexamples.Basicadvantestng" name="TC1_Basic" time="1.213"/>
  <testcase classname="TestNgexamples.Basicadvantestng" name="TC2_Green" time="2.342"/>
  <testcase classname="TestNgexamples.Basicadvantestng" name="TC3_Frame" time="0.148"/>
  <testcase classname="TestNgexamples.Basicadvantestng" name="TC4_Frametwo" time="17.501"/>
  <testcase classname="TestNgexamples.Basicadvantestng" name="TC5_Compare" time="0.693"/>
  <testcase classname="TestNgexamples.Basicadvantestng" name="TC6_Dnd" time="0.8"/>
  <testcase classname="TestNgexamples.Basicadvantestng" name="TC7_Pop" time="0.258"/>
  <testcase classname="TestNgexamples.Basicadvantestng" name="TC8_Child" time="0.872"/>
  <testcase classname="TestNgexamples.Basicadvantestng" name="TC9_Prowin" time="1.276"/>
  <testcase classname="TestNgexamples.Basicadvantestng" name="TC10_Cookie" time="1.003"/>
  <testcase classname="TestNgexamples.Basicadvantestng" name="TC11_AdvC" time="0.914"/>
  <testcase classname="TestNgexamples.Basicadvantestng" name="TC12_Menu" time="0.955"/>
  <testcase classname="TestNgexamples.Basicadvantestng" name="TC13_DB" time="3.319"/>
  <testcase classname="TestNgexamples.Basicadvantestng" name="TC14_Con1" time="0.251"/>
  <testcase classname="TestNgexamples.Basicadvantestng" name="TC15_Con2" time="2.22"/>
  <testcase classname="TestNgexamples.Basicadvantestng" name="TC16_Val" time="8.375"/>
</testsuite> <!-- BasicAdvanecourse -->
