<?xml version="1.0" encoding="UTF-8"?>
<testng-results ignored="0" total="21" passed="21" failed="0" skipped="0">
  <reporter-output>
    <line>
      <![CDATA[Dev stable page is launched successfully]]>
    </line>
    <line>
      <![CDATA[JobSheet Activity selected successfully]]>
    </line>
    <line>
      <![CDATA[Take launched successfully]]>
    </line>
    <line>
      <![CDATA[Successfully switched to frame]]>
    </line>
    <line>
      <![CDATA[Name entered as sanvi]]>
    </line>
    <line>
      <![CDATA[Station is Hyderabad]]>
    </line>
    <line>
      <![CDATA[date entered]]>
    </line>
    <line>
      <![CDATA[year entered]]>
    </line>
    <line>
      <![CDATA[new make entered]]>
    </line>
    <line>
      <![CDATA[model 2020 entered]]>
    </line>
    <line>
      <![CDATA[1234 entered ]]>
    </line>
    <line>
      <![CDATA[vin22 entered]]>
    </line>
    <line>
      <![CDATA[engine 2020 entered]]>
    </line>
    <line>
      <![CDATA[engine 2 entered]]>
    </line>
    <line>
      <![CDATA[station2_2020 entered]]>
    </line>
    <line>
      <![CDATA[This is QA Test entered]]>
    </line>
    <line>
      <![CDATA[This is conclusion entered]]>
    </line>
    <line>
      <![CDATA[This is testing program entered]]>
    </line>
    <line>
      <![CDATA[USAmap.png file is entered]]>
    </line>
    <line>
      <![CDATA[Submitted]]>
    </line>
    <line>
      <![CDATA[Submitted activity for grading]]>
    </line>
  </reporter-output>
  <suite started-at="2020-07-27T21:04:25 EDT" name="Default suite" finished-at="2020-07-27T21:04:36 EDT" duration-ms="11367">
    <groups>
    </groups>
    <test started-at="2020-07-27T21:04:25 EDT" name="Default test" finished-at="2020-07-27T21:04:36 EDT" duration-ms="11367">
      <class name="devStableex.DevstableTestclass">
        <test-method is-config="true" signature="setup()[pri:0, instance:devStableex.DevstableTestclass@e1de817]" started-at="2020-07-27T21:04:25 EDT" name="setup" finished-at="2020-07-27T21:04:27 EDT" duration-ms="2369" status="PASS">
          <reporter-output>
          </reporter-output>
        </test-method> <!-- setup -->
        <test-method signature="TC1_launchtestpage()[pri:0, instance:devStableex.DevstableTestclass@e1de817]" started-at="2020-07-27T21:04:27 EDT" name="TC1_launchtestpage" finished-at="2020-07-27T21:04:28 EDT" duration-ms="799" status="PASS">
          <reporter-output>
            <line>
              <![CDATA[Dev stable page is launched successfully]]>
            </line>
          </reporter-output>
        </test-method> <!-- TC1_launchtestpage -->
        <test-method signature="TC2_selectactiivty()[pri:0, instance:devStableex.DevstableTestclass@e1de817]" started-at="2020-07-27T21:04:28 EDT" name="TC2_selectactiivty" finished-at="2020-07-27T21:04:28 EDT" depends-on-methods="devStableex.DevstableTestclass.TC1_launchtestpage" duration-ms="562" status="PASS">
          <reporter-output>
            <line>
              <![CDATA[JobSheet Activity selected successfully]]>
            </line>
          </reporter-output>
        </test-method> <!-- TC2_selectactiivty -->
        <test-method signature="TC3_launchtake()[pri:0, instance:devStableex.DevstableTestclass@e1de817]" started-at="2020-07-27T21:04:28 EDT" name="TC3_launchtake" finished-at="2020-07-27T21:04:30 EDT" depends-on-methods="devStableex.DevstableTestclass.TC2_selectactiivty" duration-ms="1129" status="PASS">
          <reporter-output>
            <line>
              <![CDATA[Take launched successfully]]>
            </line>
          </reporter-output>
        </test-method> <!-- TC3_launchtake -->
        <test-method signature="TC4_switchframe()[pri:0, instance:devStableex.DevstableTestclass@e1de817]" started-at="2020-07-27T21:04:30 EDT" name="TC4_switchframe" finished-at="2020-07-27T21:04:30 EDT" depends-on-methods="devStableex.DevstableTestclass.TC3_launchtake" duration-ms="147" status="PASS">
          <reporter-output>
            <line>
              <![CDATA[Successfully switched to frame]]>
            </line>
          </reporter-output>
        </test-method> <!-- TC4_switchframe -->
        <test-method signature="TC5_entername()[pri:0, instance:devStableex.DevstableTestclass@e1de817]" started-at="2020-07-27T21:04:30 EDT" name="TC5_entername" finished-at="2020-07-27T21:04:30 EDT" depends-on-methods="devStableex.DevstableTestclass.TC4_switchframe" duration-ms="178" status="PASS">
          <reporter-output>
            <line>
              <![CDATA[Name entered as sanvi]]>
            </line>
          </reporter-output>
        </test-method> <!-- TC5_entername -->
        <test-method signature="TC6_enterstation()[pri:0, instance:devStableex.DevstableTestclass@e1de817]" started-at="2020-07-27T21:04:30 EDT" name="TC6_enterstation" finished-at="2020-07-27T21:04:30 EDT" depends-on-methods="devStableex.DevstableTestclass.TC5_entername" duration-ms="123" status="PASS">
          <reporter-output>
            <line>
              <![CDATA[Station is Hyderabad]]>
            </line>
          </reporter-output>
        </test-method> <!-- TC6_enterstation -->
        <test-method signature="TC7_enterdate()[pri:0, instance:devStableex.DevstableTestclass@e1de817]" started-at="2020-07-27T21:04:30 EDT" name="TC7_enterdate" finished-at="2020-07-27T21:04:30 EDT" depends-on-methods="devStableex.DevstableTestclass.TC6_enterstation" duration-ms="99" status="PASS">
          <reporter-output>
            <line>
              <![CDATA[date entered]]>
            </line>
          </reporter-output>
        </test-method> <!-- TC7_enterdate -->
        <test-method signature="TC8_enteryear()[pri:0, instance:devStableex.DevstableTestclass@e1de817]" started-at="2020-07-27T21:04:30 EDT" name="TC8_enteryear" finished-at="2020-07-27T21:04:30 EDT" depends-on-methods="devStableex.DevstableTestclass.TC7_enterdate" duration-ms="104" status="PASS">
          <reporter-output>
            <line>
              <![CDATA[year entered]]>
            </line>
          </reporter-output>
        </test-method> <!-- TC8_enteryear -->
        <test-method signature="TC9_entermake()[pri:0, instance:devStableex.DevstableTestclass@e1de817]" started-at="2020-07-27T21:04:30 EDT" name="TC9_entermake" finished-at="2020-07-27T21:04:30 EDT" depends-on-methods="devStableex.DevstableTestclass.TC8_enteryear" duration-ms="96" status="PASS">
          <reporter-output>
            <line>
              <![CDATA[new make entered]]>
            </line>
          </reporter-output>
        </test-method> <!-- TC9_entermake -->
        <test-method signature="TC10_entermodel()[pri:0, instance:devStableex.DevstableTestclass@e1de817]" started-at="2020-07-27T21:04:30 EDT" name="TC10_entermodel" finished-at="2020-07-27T21:04:30 EDT" depends-on-methods="devStableex.DevstableTestclass.TC9_entermake" duration-ms="104" status="PASS">
          <reporter-output>
            <line>
              <![CDATA[model 2020 entered]]>
            </line>
          </reporter-output>
        </test-method> <!-- TC10_entermodel -->
        <test-method signature="TC11_entermileage()[pri:0, instance:devStableex.DevstableTestclass@e1de817]" started-at="2020-07-27T21:04:30 EDT" name="TC11_entermileage" finished-at="2020-07-27T21:04:30 EDT" depends-on-methods="devStableex.DevstableTestclass.TC10_entermodel" duration-ms="92" status="PASS">
          <reporter-output>
            <line>
              <![CDATA[1234 entered ]]>
            </line>
          </reporter-output>
        </test-method> <!-- TC11_entermileage -->
        <test-method signature="TC12_entervin()[pri:0, instance:devStableex.DevstableTestclass@e1de817]" started-at="2020-07-27T21:04:30 EDT" name="TC12_entervin" finished-at="2020-07-27T21:04:31 EDT" depends-on-methods="devStableex.DevstableTestclass.TC11_entermileage" duration-ms="116" status="PASS">
          <reporter-output>
            <line>
              <![CDATA[vin22 entered]]>
            </line>
          </reporter-output>
        </test-method> <!-- TC12_entervin -->
        <test-method signature="TC13_enterengine()[pri:0, instance:devStableex.DevstableTestclass@e1de817]" started-at="2020-07-27T21:04:31 EDT" name="TC13_enterengine" finished-at="2020-07-27T21:04:31 EDT" depends-on-methods="devStableex.DevstableTestclass.TC12_entervin" duration-ms="97" status="PASS">
          <reporter-output>
            <line>
              <![CDATA[engine 2020 entered]]>
            </line>
          </reporter-output>
        </test-method> <!-- TC13_enterengine -->
        <test-method signature="TC14_enterengine2()[pri:0, instance:devStableex.DevstableTestclass@e1de817]" started-at="2020-07-27T21:04:31 EDT" name="TC14_enterengine2" finished-at="2020-07-27T21:04:31 EDT" depends-on-methods="devStableex.DevstableTestclass.TC13_enterengine" duration-ms="100" status="PASS">
          <reporter-output>
            <line>
              <![CDATA[engine 2 entered]]>
            </line>
          </reporter-output>
        </test-method> <!-- TC14_enterengine2 -->
        <test-method signature="TC15_enterstation2()[pri:0, instance:devStableex.DevstableTestclass@e1de817]" started-at="2020-07-27T21:04:31 EDT" name="TC15_enterstation2" finished-at="2020-07-27T21:04:31 EDT" depends-on-methods="devStableex.DevstableTestclass.TC14_enterengine2" duration-ms="89" status="PASS">
          <reporter-output>
            <line>
              <![CDATA[station2_2020 entered]]>
            </line>
          </reporter-output>
        </test-method> <!-- TC15_enterstation2 -->
        <test-method signature="TC16_enterproblems()[pri:0, instance:devStableex.DevstableTestclass@e1de817]" started-at="2020-07-27T21:04:31 EDT" name="TC16_enterproblems" finished-at="2020-07-27T21:04:31 EDT" depends-on-methods="devStableex.DevstableTestclass.TC15_enterstation2" duration-ms="118" status="PASS">
          <reporter-output>
            <line>
              <![CDATA[This is QA Test entered]]>
            </line>
          </reporter-output>
        </test-method> <!-- TC16_enterproblems -->
        <test-method signature="TC17_enterconclusions()[pri:0, instance:devStableex.DevstableTestclass@e1de817]" started-at="2020-07-27T21:04:31 EDT" name="TC17_enterconclusions" finished-at="2020-07-27T21:04:31 EDT" depends-on-methods="devStableex.DevstableTestclass.TC16_enterproblems" duration-ms="106" status="PASS">
          <reporter-output>
            <line>
              <![CDATA[This is conclusion entered]]>
            </line>
          </reporter-output>
        </test-method> <!-- TC17_enterconclusions -->
        <test-method signature="TC17_enterproblems2()[pri:0, instance:devStableex.DevstableTestclass@e1de817]" started-at="2020-07-27T21:04:31 EDT" name="TC17_enterproblems2" finished-at="2020-07-27T21:04:31 EDT" depends-on-methods="devStableex.DevstableTestclass.TC16_enterproblems" duration-ms="115" status="PASS">
          <reporter-output>
            <line>
              <![CDATA[This is testing program entered]]>
            </line>
          </reporter-output>
        </test-method> <!-- TC17_enterproblems2 -->
        <test-method signature="TC18_addFile()[pri:0, instance:devStableex.DevstableTestclass@e1de817]" started-at="2020-07-27T21:04:31 EDT" name="TC18_addFile" finished-at="2020-07-27T21:04:36 EDT" depends-on-methods="devStableex.DevstableTestclass.TC17_enterconclusions" duration-ms="4567" status="PASS">
          <reporter-output>
            <line>
              <![CDATA[USAmap.png file is entered]]>
            </line>
          </reporter-output>
        </test-method> <!-- TC18_addFile -->
        <test-method signature="TC19_submitAct()[pri:0, instance:devStableex.DevstableTestclass@e1de817]" started-at="2020-07-27T21:04:36 EDT" name="TC19_submitAct" finished-at="2020-07-27T21:04:36 EDT" depends-on-methods="devStableex.DevstableTestclass.TC18_addFile" duration-ms="129" status="PASS">
          <reporter-output>
            <line>
              <![CDATA[Submitted]]>
            </line>
          </reporter-output>
        </test-method> <!-- TC19_submitAct -->
        <test-method signature="TC20_completeFinal()[pri:0, instance:devStableex.DevstableTestclass@e1de817]" started-at="2020-07-27T21:04:36 EDT" name="TC20_completeFinal" finished-at="2020-07-27T21:04:36 EDT" depends-on-methods="devStableex.DevstableTestclass.TC19_submitAct" duration-ms="79" status="PASS">
          <reporter-output>
            <line>
              <![CDATA[Submitted activity for grading]]>
            </line>
          </reporter-output>
        </test-method> <!-- TC20_completeFinal -->
        <test-method is-config="true" signature="tearDown()[pri:0, instance:devStableex.DevstableTestclass@e1de817]" started-at="2020-07-27T21:04:36 EDT" name="tearDown" finished-at="2020-07-27T21:04:36 EDT" duration-ms="1" status="PASS">
          <reporter-output>
          </reporter-output>
        </test-method> <!-- tearDown -->
      </class> <!-- devStableex.DevstableTestclass -->
    </test> <!-- Default test -->
  </suite> <!-- Default suite -->
</testng-results>
